-------------------------------------------------------------------------------
Test set: runners.RunCucumberTest
-------------------------------------------------------------------------------
Tests run: 1, Failures: 1, Errors: 0, Skipped: 0, Time elapsed: 1.1 s <<< FAILURE! - in runners.RunCucumberTest
setUpClass(runners.RunCucumberTest)  Time elapsed: 0.895 s  <<< FAILURE!
java.lang.NoClassDefFoundError: io/cucumber/core/exception/CucumberException
Caused by: java.lang.ClassNotFoundException: io.cucumber.core.exception.CucumberException

